[2023-05-10T00:06:35.840] [ERROR] default - 41195245 - writeUserDataToKafka is not defined
[2023-05-10T00:06:35.841] [ERROR] default - ReferenceError: writeUserDataToKafka is not defined
    at exports.recharge (C:\Users\Wally\Desktop\UADE\2023\1er Cuatrimestre\4 - ARQUITECTURA DE APLICACIONES\TPI\Demo\arquitectura-BE\controllers\account.controller.js:131:5)
    at Layer.handle [as handle_request] (C:\Users\Wally\Desktop\UADE\2023\1er Cuatrimestre\4 - ARQUITECTURA DE APLICACIONES\TPI\Demo\arquitectura-BE\node_modules\express\lib\router\layer.js:95:5)
    at next (C:\Users\Wally\Desktop\UADE\2023\1er Cuatrimestre\4 - ARQUITECTURA DE APLICACIONES\TPI\Demo\arquitectura-BE\node_modules\express\lib\router\route.js:137:13)
    at C:\Users\Wally\Desktop\UADE\2023\1er Cuatrimestre\4 - ARQUITECTURA DE APLICACIONES\TPI\Demo\arquitectura-BE\middlewares\auth\authorizator.js:17:9
    at C:\Users\Wally\Desktop\UADE\2023\1er Cuatrimestre\4 - ARQUITECTURA DE APLICACIONES\TPI\Demo\arquitectura-BE\node_modules\jsonwebtoken\verify.js:223:12
    at getSecret (C:\Users\Wally\Desktop\UADE\2023\1er Cuatrimestre\4 - ARQUITECTURA DE APLICACIONES\TPI\Demo\arquitectura-BE\node_modules\jsonwebtoken\verify.js:90:14)
    at Object.module.exports [as verify] (C:\Users\Wally\Desktop\UADE\2023\1er Cuatrimestre\4 - ARQUITECTURA DE APLICACIONES\TPI\Demo\arquitectura-BE\node_modules\jsonwebtoken\verify.js:94:10)
    at C:\Users\Wally\Desktop\UADE\2023\1er Cuatrimestre\4 - ARQUITECTURA DE APLICACIONES\TPI\Demo\arquitectura-BE\middlewares\auth\authorizator.js:10:11
    at Layer.handle [as handle_request] (C:\Users\Wally\Desktop\UADE\2023\1er Cuatrimestre\4 - ARQUITECTURA DE APLICACIONES\TPI\Demo\arquitectura-BE\node_modules\express\lib\router\layer.js:95:5)
    at next (C:\Users\Wally\Desktop\UADE\2023\1er Cuatrimestre\4 - ARQUITECTURA DE APLICACIONES\TPI\Demo\arquitectura-BE\node_modules\express\lib\router\route.js:137:13)
[2023-05-10T01:11:19.065] [ERROR] default - 41195245 - Conversion failed when converting the varchar value 'DNI' to data type int.
[2023-05-10T01:11:19.066] [ERROR] default - Error
    at Query.run (C:\Users\Wally\Desktop\UADE\2023\1er Cuatrimestre\4 - ARQUITECTURA DE APLICACIONES\TPI\Demo\arquitectura-BE\node_modules\sequelize\lib\dialects\mssql\query.js:99:25)
    at C:\Users\Wally\Desktop\UADE\2023\1er Cuatrimestre\4 - ARQUITECTURA DE APLICACIONES\TPI\Demo\arquitectura-BE\node_modules\sequelize\lib\sequelize.js:314:28
    at runMicrotasks (<anonymous>)
    at processTicksAndRejections (internal/process/task_queues.js:95:5)
    at async MSSqlQueryInterface.select (C:\Users\Wally\Desktop\UADE\2023\1er Cuatrimestre\4 - ARQUITECTURA DE APLICACIONES\TPI\Demo\arquitectura-BE\node_modules\sequelize\lib\dialects\abstract\query-interface.js:407:12)
    at async Function.findAll (C:\Users\Wally\Desktop\UADE\2023\1er Cuatrimestre\4 - ARQUITECTURA DE APLICACIONES\TPI\Demo\arquitectura-BE\node_modules\sequelize\lib\model.js:1134:21)
    at async Function.findOne (C:\Users\Wally\Desktop\UADE\2023\1er Cuatrimestre\4 - ARQUITECTURA DE APLICACIONES\TPI\Demo\arquitectura-BE\node_modules\sequelize\lib\model.js:1228:12)
    at async Object.exports.getUserAccount (C:\Users\Wally\Desktop\UADE\2023\1er Cuatrimestre\4 - ARQUITECTURA DE APLICACIONES\TPI\Demo\arquitectura-BE\services\account.service.js:55:17)
    at async getAccount (C:\Users\Wally\Desktop\UADE\2023\1er Cuatrimestre\4 - ARQUITECTURA DE APLICACIONES\TPI\Demo\arquitectura-BE\services\transfer.service.js:81:17)
    at async C:\Users\Wally\Desktop\UADE\2023\1er Cuatrimestre\4 - ARQUITECTURA DE APLICACIONES\TPI\Demo\arquitectura-BE\services\transfer.service.js:19:27 {
  name: 'SequelizeDatabaseError',
  parent: RequestError: Conversion failed when converting the varchar value 'DNI' to data type int.
      at RequestTokenHandler.onErrorMessage (C:\Users\Wally\Desktop\UADE\2023\1er Cuatrimestre\4 - ARQUITECTURA DE APLICACIONES\TPI\Demo\arquitectura-BE\node_modules\tedious\lib\token\handler.js:368:21)
      at Readable.<anonymous> (C:\Users\Wally\Desktop\UADE\2023\1er Cuatrimestre\4 - ARQUITECTURA DE APLICACIONES\TPI\Demo\arquitectura-BE\node_modules\tedious\lib\token\token-stream-parser.js:26:33)
      at Readable.emit (events.js:375:28)
      at addChunk (internal/streams/readable.js:290:12)
      at readableAddChunk (internal/streams/readable.js:265:9)
      at Readable.push (internal/streams/readable.js:204:10)
      at next (internal/streams/from.js:88:29)
      at runMicrotasks (<anonymous>)
      at processTicksAndRejections (internal/process/task_queues.js:95:5) {
    code: 'EREQUEST',
    number: 245,
    state: 1,
    class: 16,
    serverName: 'EC2AMAZ-IN3J24U',
    procName: '',
    lineNumber: 1,
    sql: 'SELECT [account].[id], [account].[userId], [account].[balance], [account].[alias], [account].[cbu], [user].[id] AS [user.id], [user].[docTypeId] AS [user.docTypeId], [user].[docNumber] AS [user.docNumber], [user].[password] AS [user.password], [user].[name] AS [user.name], [user->docType].[id] AS [user.docType.id], [user->docType].[description] AS [user.docType.description] FROM [accounts] AS [account] INNER JOIN [users] AS [user] ON [account].[userId] = [user].[id] AND [user].[docTypeId] = 1 AND [user].[docNumber] = 5 LEFT OUTER JOIN [doc_types] AS [user->docType] ON [user].[docTypeId] = [user->docType].[id] ORDER BY [account].[id] OFFSET 0 ROWS FETCH NEXT 1 ROWS ONLY;',
    parameters: undefined
  },
  original: RequestError: Conversion failed when converting the varchar value 'DNI' to data type int.
      at RequestTokenHandler.onErrorMessage (C:\Users\Wally\Desktop\UADE\2023\1er Cuatrimestre\4 - ARQUITECTURA DE APLICACIONES\TPI\Demo\arquitectura-BE\node_modules\tedious\lib\token\handler.js:368:21)
      at Readable.<anonymous> (C:\Users\Wally\Desktop\UADE\2023\1er Cuatrimestre\4 - ARQUITECTURA DE APLICACIONES\TPI\Demo\arquitectura-BE\node_modules\tedious\lib\token\token-stream-parser.js:26:33)
      at Readable.emit (events.js:375:28)
      at addChunk (internal/streams/readable.js:290:12)
      at readableAddChunk (internal/streams/readable.js:265:9)
      at Readable.push (internal/streams/readable.js:204:10)
      at next (internal/streams/from.js:88:29)
      at runMicrotasks (<anonymous>)
      at processTicksAndRejections (internal/process/task_queues.js:95:5) {
    code: 'EREQUEST',
    number: 245,
    state: 1,
    class: 16,
    serverName: 'EC2AMAZ-IN3J24U',
    procName: '',
    lineNumber: 1,
    sql: 'SELECT [account].[id], [account].[userId], [account].[balance], [account].[alias], [account].[cbu], [user].[id] AS [user.id], [user].[docTypeId] AS [user.docTypeId], [user].[docNumber] AS [user.docNumber], [user].[password] AS [user.password], [user].[name] AS [user.name], [user->docType].[id] AS [user.docType.id], [user->docType].[description] AS [user.docType.description] FROM [accounts] AS [account] INNER JOIN [users] AS [user] ON [account].[userId] = [user].[id] AND [user].[docTypeId] = 1 AND [user].[docNumber] = 5 LEFT OUTER JOIN [doc_types] AS [user->docType] ON [user].[docTypeId] = [user->docType].[id] ORDER BY [account].[id] OFFSET 0 ROWS FETCH NEXT 1 ROWS ONLY;',
    parameters: undefined
  },
  sql: 'SELECT [account].[id], [account].[userId], [account].[balance], [account].[alias], [account].[cbu], [user].[id] AS [user.id], [user].[docTypeId] AS [user.docTypeId], [user].[docNumber] AS [user.docNumber], [user].[password] AS [user.password], [user].[name] AS [user.name], [user->docType].[id] AS [user.docType.id], [user->docType].[description] AS [user.docType.description] FROM [accounts] AS [account] INNER JOIN [users] AS [user] ON [account].[userId] = [user].[id] AND [user].[docTypeId] = 1 AND [user].[docNumber] = 5 LEFT OUTER JOIN [doc_types] AS [user->docType] ON [user].[docTypeId] = [user->docType].[id] ORDER BY [account].[id] OFFSET 0 ROWS FETCH NEXT 1 ROWS ONLY;',
  parameters: {}
}
[2023-05-10T01:13:11.355] [ERROR] default - 41195245 - Conversion failed when converting the varchar value 'DNI' to data type int.
[2023-05-10T01:13:11.356] [ERROR] default - Error
    at Query.run (C:\Users\Wally\Desktop\UADE\2023\1er Cuatrimestre\4 - ARQUITECTURA DE APLICACIONES\TPI\Demo\arquitectura-BE\node_modules\sequelize\lib\dialects\mssql\query.js:99:25)
    at C:\Users\Wally\Desktop\UADE\2023\1er Cuatrimestre\4 - ARQUITECTURA DE APLICACIONES\TPI\Demo\arquitectura-BE\node_modules\sequelize\lib\sequelize.js:314:28
    at processTicksAndRejections (internal/process/task_queues.js:95:5)
    at async MSSqlQueryInterface.select (C:\Users\Wally\Desktop\UADE\2023\1er Cuatrimestre\4 - ARQUITECTURA DE APLICACIONES\TPI\Demo\arquitectura-BE\node_modules\sequelize\lib\dialects\abstract\query-interface.js:407:12)
    at async Function.findAll (C:\Users\Wally\Desktop\UADE\2023\1er Cuatrimestre\4 - ARQUITECTURA DE APLICACIONES\TPI\Demo\arquitectura-BE\node_modules\sequelize\lib\model.js:1134:21)
    at async Function.findOne (C:\Users\Wally\Desktop\UADE\2023\1er Cuatrimestre\4 - ARQUITECTURA DE APLICACIONES\TPI\Demo\arquitectura-BE\node_modules\sequelize\lib\model.js:1228:12)
    at async Object.exports.getUserAccount (C:\Users\Wally\Desktop\UADE\2023\1er Cuatrimestre\4 - ARQUITECTURA DE APLICACIONES\TPI\Demo\arquitectura-BE\services\account.service.js:55:17)
    at async getAccount (C:\Users\Wally\Desktop\UADE\2023\1er Cuatrimestre\4 - ARQUITECTURA DE APLICACIONES\TPI\Demo\arquitectura-BE\services\transfer.service.js:81:17)
    at async C:\Users\Wally\Desktop\UADE\2023\1er Cuatrimestre\4 - ARQUITECTURA DE APLICACIONES\TPI\Demo\arquitectura-BE\services\transfer.service.js:19:27
    at async C:\Users\Wally\Desktop\UADE\2023\1er Cuatrimestre\4 - ARQUITECTURA DE APLICACIONES\TPI\Demo\arquitectura-BE\node_modules\sequelize\lib\sequelize.js:506:18 {
  name: 'SequelizeDatabaseError',
  parent: RequestError: Conversion failed when converting the varchar value 'DNI' to data type int.
      at RequestTokenHandler.onErrorMessage (C:\Users\Wally\Desktop\UADE\2023\1er Cuatrimestre\4 - ARQUITECTURA DE APLICACIONES\TPI\Demo\arquitectura-BE\node_modules\tedious\lib\token\handler.js:368:21)
      at Readable.<anonymous> (C:\Users\Wally\Desktop\UADE\2023\1er Cuatrimestre\4 - ARQUITECTURA DE APLICACIONES\TPI\Demo\arquitectura-BE\node_modules\tedious\lib\token\token-stream-parser.js:26:33)
      at Readable.emit (events.js:375:28)
      at addChunk (internal/streams/readable.js:290:12)
      at readableAddChunk (internal/streams/readable.js:265:9)
      at Readable.push (internal/streams/readable.js:204:10)
      at next (internal/streams/from.js:88:29)
      at processTicksAndRejections (internal/process/task_queues.js:95:5) {
    code: 'EREQUEST',
    number: 245,
    state: 1,
    class: 16,
    serverName: 'EC2AMAZ-IN3J24U',
    procName: '',
    lineNumber: 1,
    sql: 'SELECT [account].[id], [account].[userId], [account].[balance], [account].[alias], [account].[cbu], [user].[id] AS [user.id], [user].[docTypeId] AS [user.docTypeId], [user].[docNumber] AS [user.docNumber], [user].[password] AS [user.password], [user].[name] AS [user.name], [user->docType].[id] AS [user.docType.id], [user->docType].[description] AS [user.docType.description] FROM [accounts] AS [account] INNER JOIN [users] AS [user] ON [account].[userId] = [user].[id] AND [user].[docTypeId] = 1 AND [user].[docNumber] = 5 LEFT OUTER JOIN [doc_types] AS [user->docType] ON [user].[docTypeId] = [user->docType].[id] ORDER BY [account].[id] OFFSET 0 ROWS FETCH NEXT 1 ROWS ONLY;',
    parameters: undefined
  },
  original: RequestError: Conversion failed when converting the varchar value 'DNI' to data type int.
      at RequestTokenHandler.onErrorMessage (C:\Users\Wally\Desktop\UADE\2023\1er Cuatrimestre\4 - ARQUITECTURA DE APLICACIONES\TPI\Demo\arquitectura-BE\node_modules\tedious\lib\token\handler.js:368:21)
      at Readable.<anonymous> (C:\Users\Wally\Desktop\UADE\2023\1er Cuatrimestre\4 - ARQUITECTURA DE APLICACIONES\TPI\Demo\arquitectura-BE\node_modules\tedious\lib\token\token-stream-parser.js:26:33)
      at Readable.emit (events.js:375:28)
      at addChunk (internal/streams/readable.js:290:12)
      at readableAddChunk (internal/streams/readable.js:265:9)
      at Readable.push (internal/streams/readable.js:204:10)
      at next (internal/streams/from.js:88:29)
      at processTicksAndRejections (internal/process/task_queues.js:95:5) {
    code: 'EREQUEST',
    number: 245,
    state: 1,
    class: 16,
    serverName: 'EC2AMAZ-IN3J24U',
    procName: '',
    lineNumber: 1,
    sql: 'SELECT [account].[id], [account].[userId], [account].[balance], [account].[alias], [account].[cbu], [user].[id] AS [user.id], [user].[docTypeId] AS [user.docTypeId], [user].[docNumber] AS [user.docNumber], [user].[password] AS [user.password], [user].[name] AS [user.name], [user->docType].[id] AS [user.docType.id], [user->docType].[description] AS [user.docType.description] FROM [accounts] AS [account] INNER JOIN [users] AS [user] ON [account].[userId] = [user].[id] AND [user].[docTypeId] = 1 AND [user].[docNumber] = 5 LEFT OUTER JOIN [doc_types] AS [user->docType] ON [user].[docTypeId] = [user->docType].[id] ORDER BY [account].[id] OFFSET 0 ROWS FETCH NEXT 1 ROWS ONLY;',
    parameters: undefined
  },
  sql: 'SELECT [account].[id], [account].[userId], [account].[balance], [account].[alias], [account].[cbu], [user].[id] AS [user.id], [user].[docTypeId] AS [user.docTypeId], [user].[docNumber] AS [user.docNumber], [user].[password] AS [user.password], [user].[name] AS [user.name], [user->docType].[id] AS [user.docType.id], [user->docType].[description] AS [user.docType.description] FROM [accounts] AS [account] INNER JOIN [users] AS [user] ON [account].[userId] = [user].[id] AND [user].[docTypeId] = 1 AND [user].[docNumber] = 5 LEFT OUTER JOIN [doc_types] AS [user->docType] ON [user].[docTypeId] = [user->docType].[id] ORDER BY [account].[id] OFFSET 0 ROWS FETCH NEXT 1 ROWS ONLY;',
  parameters: {}
}
[2023-05-10T01:28:33.179] [ERROR] default - 41195245 - Conversion failed when converting the varchar value 'DNI' to data type int.
[2023-05-10T01:28:33.179] [ERROR] default - Error
    at Query.run (C:\Users\Wally\Desktop\UADE\2023\1er Cuatrimestre\4 - ARQUITECTURA DE APLICACIONES\TPI\Demo\arquitectura-BE\node_modules\sequelize\lib\dialects\mssql\query.js:99:25)
    at C:\Users\Wally\Desktop\UADE\2023\1er Cuatrimestre\4 - ARQUITECTURA DE APLICACIONES\TPI\Demo\arquitectura-BE\node_modules\sequelize\lib\sequelize.js:314:28
    at processTicksAndRejections (internal/process/task_queues.js:95:5)
    at async MSSqlQueryInterface.select (C:\Users\Wally\Desktop\UADE\2023\1er Cuatrimestre\4 - ARQUITECTURA DE APLICACIONES\TPI\Demo\arquitectura-BE\node_modules\sequelize\lib\dialects\abstract\query-interface.js:407:12)
    at async Function.findAll (C:\Users\Wally\Desktop\UADE\2023\1er Cuatrimestre\4 - ARQUITECTURA DE APLICACIONES\TPI\Demo\arquitectura-BE\node_modules\sequelize\lib\model.js:1134:21)
    at async Function.findOne (C:\Users\Wally\Desktop\UADE\2023\1er Cuatrimestre\4 - ARQUITECTURA DE APLICACIONES\TPI\Demo\arquitectura-BE\node_modules\sequelize\lib\model.js:1228:12)
    at async Object.exports.getUserAccount (C:\Users\Wally\Desktop\UADE\2023\1er Cuatrimestre\4 - ARQUITECTURA DE APLICACIONES\TPI\Demo\arquitectura-BE\services\account.service.js:55:17)
    at async getAccount (C:\Users\Wally\Desktop\UADE\2023\1er Cuatrimestre\4 - ARQUITECTURA DE APLICACIONES\TPI\Demo\arquitectura-BE\services\transfer.service.js:81:17)
    at async C:\Users\Wally\Desktop\UADE\2023\1er Cuatrimestre\4 - ARQUITECTURA DE APLICACIONES\TPI\Demo\arquitectura-BE\services\transfer.service.js:19:27
    at async C:\Users\Wally\Desktop\UADE\2023\1er Cuatrimestre\4 - ARQUITECTURA DE APLICACIONES\TPI\Demo\arquitectura-BE\node_modules\sequelize\lib\sequelize.js:506:18 {
  name: 'SequelizeDatabaseError',
  parent: RequestError: Conversion failed when converting the varchar value 'DNI' to data type int.
      at RequestTokenHandler.onErrorMessage (C:\Users\Wally\Desktop\UADE\2023\1er Cuatrimestre\4 - ARQUITECTURA DE APLICACIONES\TPI\Demo\arquitectura-BE\node_modules\tedious\lib\token\handler.js:368:21)
      at Readable.<anonymous> (C:\Users\Wally\Desktop\UADE\2023\1er Cuatrimestre\4 - ARQUITECTURA DE APLICACIONES\TPI\Demo\arquitectura-BE\node_modules\tedious\lib\token\token-stream-parser.js:26:33)
      at Readable.emit (events.js:375:28)
      at addChunk (internal/streams/readable.js:290:12)
      at readableAddChunk (internal/streams/readable.js:265:9)
      at Readable.push (internal/streams/readable.js:204:10)
      at next (internal/streams/from.js:88:29)
      at processTicksAndRejections (internal/process/task_queues.js:95:5) {
    code: 'EREQUEST',
    number: 245,
    state: 1,
    class: 16,
    serverName: 'EC2AMAZ-IN3J24U',
    procName: '',
    lineNumber: 1,
    sql: 'SELECT [account].[id], [account].[userId], [account].[balance], [account].[alias], [account].[cbu], [user].[id] AS [user.id], [user].[docTypeId] AS [user.docTypeId], [user].[docNumber] AS [user.docNumber], [user].[password] AS [user.password], [user].[name] AS [user.name], [user->docType].[id] AS [user.docType.id], [user->docType].[description] AS [user.docType.description] FROM [accounts] AS [account] INNER JOIN [users] AS [user] ON [account].[userId] = [user].[id] AND [user].[docTypeId] = 1 AND [user].[docNumber] = 5 LEFT OUTER JOIN [doc_types] AS [user->docType] ON [user].[docTypeId] = [user->docType].[id] ORDER BY [account].[id] OFFSET 0 ROWS FETCH NEXT 1 ROWS ONLY;',
    parameters: undefined
  },
  original: RequestError: Conversion failed when converting the varchar value 'DNI' to data type int.
      at RequestTokenHandler.onErrorMessage (C:\Users\Wally\Desktop\UADE\2023\1er Cuatrimestre\4 - ARQUITECTURA DE APLICACIONES\TPI\Demo\arquitectura-BE\node_modules\tedious\lib\token\handler.js:368:21)
      at Readable.<anonymous> (C:\Users\Wally\Desktop\UADE\2023\1er Cuatrimestre\4 - ARQUITECTURA DE APLICACIONES\TPI\Demo\arquitectura-BE\node_modules\tedious\lib\token\token-stream-parser.js:26:33)
      at Readable.emit (events.js:375:28)
      at addChunk (internal/streams/readable.js:290:12)
      at readableAddChunk (internal/streams/readable.js:265:9)
      at Readable.push (internal/streams/readable.js:204:10)
      at next (internal/streams/from.js:88:29)
      at processTicksAndRejections (internal/process/task_queues.js:95:5) {
    code: 'EREQUEST',
    number: 245,
    state: 1,
    class: 16,
    serverName: 'EC2AMAZ-IN3J24U',
    procName: '',
    lineNumber: 1,
    sql: 'SELECT [account].[id], [account].[userId], [account].[balance], [account].[alias], [account].[cbu], [user].[id] AS [user.id], [user].[docTypeId] AS [user.docTypeId], [user].[docNumber] AS [user.docNumber], [user].[password] AS [user.password], [user].[name] AS [user.name], [user->docType].[id] AS [user.docType.id], [user->docType].[description] AS [user.docType.description] FROM [accounts] AS [account] INNER JOIN [users] AS [user] ON [account].[userId] = [user].[id] AND [user].[docTypeId] = 1 AND [user].[docNumber] = 5 LEFT OUTER JOIN [doc_types] AS [user->docType] ON [user].[docTypeId] = [user->docType].[id] ORDER BY [account].[id] OFFSET 0 ROWS FETCH NEXT 1 ROWS ONLY;',
    parameters: undefined
  },
  sql: 'SELECT [account].[id], [account].[userId], [account].[balance], [account].[alias], [account].[cbu], [user].[id] AS [user.id], [user].[docTypeId] AS [user.docTypeId], [user].[docNumber] AS [user.docNumber], [user].[password] AS [user.password], [user].[name] AS [user.name], [user->docType].[id] AS [user.docType.id], [user->docType].[description] AS [user.docType.description] FROM [accounts] AS [account] INNER JOIN [users] AS [user] ON [account].[userId] = [user].[id] AND [user].[docTypeId] = 1 AND [user].[docNumber] = 5 LEFT OUTER JOIN [doc_types] AS [user->docType] ON [user].[docTypeId] = [user->docType].[id] ORDER BY [account].[id] OFFSET 0 ROWS FETCH NEXT 1 ROWS ONLY;',
  parameters: {}
}
[2023-05-10T01:39:49.009] [ERROR] default - 41195245 - Conversion failed when converting the nvarchar value 'DNI' to data type int.
[2023-05-10T01:39:49.009] [ERROR] default - Error
    at Query.run (C:\Users\Wally\Desktop\UADE\2023\1er Cuatrimestre\4 - ARQUITECTURA DE APLICACIONES\TPI\Demo\arquitectura-BE\node_modules\sequelize\lib\dialects\mssql\query.js:99:25)
    at C:\Users\Wally\Desktop\UADE\2023\1er Cuatrimestre\4 - ARQUITECTURA DE APLICACIONES\TPI\Demo\arquitectura-BE\node_modules\sequelize\lib\sequelize.js:314:28
    at processTicksAndRejections (internal/process/task_queues.js:95:5)
    at async MSSqlQueryInterface.select (C:\Users\Wally\Desktop\UADE\2023\1er Cuatrimestre\4 - ARQUITECTURA DE APLICACIONES\TPI\Demo\arquitectura-BE\node_modules\sequelize\lib\dialects\abstract\query-interface.js:407:12)
    at async Function.findAll (C:\Users\Wally\Desktop\UADE\2023\1er Cuatrimestre\4 - ARQUITECTURA DE APLICACIONES\TPI\Demo\arquitectura-BE\node_modules\sequelize\lib\model.js:1134:21)
    at async Function.findOne (C:\Users\Wally\Desktop\UADE\2023\1er Cuatrimestre\4 - ARQUITECTURA DE APLICACIONES\TPI\Demo\arquitectura-BE\node_modules\sequelize\lib\model.js:1228:12)
    at async Object.exports.getUser (C:\Users\Wally\Desktop\UADE\2023\1er Cuatrimestre\4 - ARQUITECTURA DE APLICACIONES\TPI\Demo\arquitectura-BE\services\user.service.js:22:16)
    at async Object.exports.login (C:\Users\Wally\Desktop\UADE\2023\1er Cuatrimestre\4 - ARQUITECTURA DE APLICACIONES\TPI\Demo\arquitectura-BE\services\user.service.js:7:16)
    at async exports.login (C:\Users\Wally\Desktop\UADE\2023\1er Cuatrimestre\4 - ARQUITECTURA DE APLICACIONES\TPI\Demo\arquitectura-BE\controllers\user.controller.js:39:21) {
  name: 'SequelizeDatabaseError',
  parent: RequestError: Conversion failed when converting the nvarchar value 'DNI' to data type int.
      at RequestTokenHandler.onErrorMessage (C:\Users\Wally\Desktop\UADE\2023\1er Cuatrimestre\4 - ARQUITECTURA DE APLICACIONES\TPI\Demo\arquitectura-BE\node_modules\tedious\lib\token\handler.js:368:21)
      at Readable.<anonymous> (C:\Users\Wally\Desktop\UADE\2023\1er Cuatrimestre\4 - ARQUITECTURA DE APLICACIONES\TPI\Demo\arquitectura-BE\node_modules\tedious\lib\token\token-stream-parser.js:26:33)
      at Readable.emit (events.js:375:28)
      at addChunk (internal/streams/readable.js:290:12)
      at readableAddChunk (internal/streams/readable.js:265:9)
      at Readable.push (internal/streams/readable.js:204:10)
      at next (internal/streams/from.js:88:29)
      at processTicksAndRejections (internal/process/task_queues.js:95:5) {
    code: 'EREQUEST',
    number: 245,
    state: 1,
    class: 16,
    serverName: 'EC2AMAZ-IN3J24U',
    procName: '',
    lineNumber: 1,
    sql: "SELECT [user].[id], [user].[docTypeId], [user].[docNumber], [user].[password], [user].[name], [account].[id] AS [account.id], [account].[userId] AS [account.userId], [account].[balance] AS [account.balance], [account].[alias] AS [account.alias], [account].[cbu] AS [account.cbu] FROM [users] AS [user] LEFT OUTER JOIN [accounts] AS [account] ON [user].[id] = [account].[userId] WHERE [user].[docTypeId] = N'DNI' AND [user].[docNumber] = N'41195245' ORDER BY [user].[id] OFFSET 0 ROWS FETCH NEXT 1 ROWS ONLY;",
    parameters: undefined
  },
  original: RequestError: Conversion failed when converting the nvarchar value 'DNI' to data type int.
      at RequestTokenHandler.onErrorMessage (C:\Users\Wally\Desktop\UADE\2023\1er Cuatrimestre\4 - ARQUITECTURA DE APLICACIONES\TPI\Demo\arquitectura-BE\node_modules\tedious\lib\token\handler.js:368:21)
      at Readable.<anonymous> (C:\Users\Wally\Desktop\UADE\2023\1er Cuatrimestre\4 - ARQUITECTURA DE APLICACIONES\TPI\Demo\arquitectura-BE\node_modules\tedious\lib\token\token-stream-parser.js:26:33)
      at Readable.emit (events.js:375:28)
      at addChunk (internal/streams/readable.js:290:12)
      at readableAddChunk (internal/streams/readable.js:265:9)
      at Readable.push (internal/streams/readable.js:204:10)
      at next (internal/streams/from.js:88:29)
      at processTicksAndRejections (internal/process/task_queues.js:95:5) {
    code: 'EREQUEST',
    number: 245,
    state: 1,
    class: 16,
    serverName: 'EC2AMAZ-IN3J24U',
    procName: '',
    lineNumber: 1,
    sql: "SELECT [user].[id], [user].[docTypeId], [user].[docNumber], [user].[password], [user].[name], [account].[id] AS [account.id], [account].[userId] AS [account.userId], [account].[balance] AS [account.balance], [account].[alias] AS [account.alias], [account].[cbu] AS [account.cbu] FROM [users] AS [user] LEFT OUTER JOIN [accounts] AS [account] ON [user].[id] = [account].[userId] WHERE [user].[docTypeId] = N'DNI' AND [user].[docNumber] = N'41195245' ORDER BY [user].[id] OFFSET 0 ROWS FETCH NEXT 1 ROWS ONLY;",
    parameters: undefined
  },
  sql: "SELECT [user].[id], [user].[docTypeId], [user].[docNumber], [user].[password], [user].[name], [account].[id] AS [account.id], [account].[userId] AS [account.userId], [account].[balance] AS [account.balance], [account].[alias] AS [account.alias], [account].[cbu] AS [account.cbu] FROM [users] AS [user] LEFT OUTER JOIN [accounts] AS [account] ON [user].[id] = [account].[userId] WHERE [user].[docTypeId] = N'DNI' AND [user].[docNumber] = N'41195245' ORDER BY [user].[id] OFFSET 0 ROWS FETCH NEXT 1 ROWS ONLY;",
  parameters: {}
}
[2023-05-10T01:56:54.479] [ERROR] default - 41195245 - Conversion failed when converting the nvarchar value 'DNI' to data type int.
[2023-05-10T01:56:54.480] [ERROR] default - Error
    at Query.run (C:\Users\Wally\Desktop\UADE\2023\1er Cuatrimestre\4 - ARQUITECTURA DE APLICACIONES\TPI\Demo\arquitectura-BE\node_modules\sequelize\lib\dialects\mssql\query.js:99:25)
    at C:\Users\Wally\Desktop\UADE\2023\1er Cuatrimestre\4 - ARQUITECTURA DE APLICACIONES\TPI\Demo\arquitectura-BE\node_modules\sequelize\lib\sequelize.js:314:28
    at processTicksAndRejections (internal/process/task_queues.js:95:5)
    at async MSSqlQueryInterface.select (C:\Users\Wally\Desktop\UADE\2023\1er Cuatrimestre\4 - ARQUITECTURA DE APLICACIONES\TPI\Demo\arquitectura-BE\node_modules\sequelize\lib\dialects\abstract\query-interface.js:407:12)
    at async Function.findAll (C:\Users\Wally\Desktop\UADE\2023\1er Cuatrimestre\4 - ARQUITECTURA DE APLICACIONES\TPI\Demo\arquitectura-BE\node_modules\sequelize\lib\model.js:1134:21)
    at async Function.findOne (C:\Users\Wally\Desktop\UADE\2023\1er Cuatrimestre\4 - ARQUITECTURA DE APLICACIONES\TPI\Demo\arquitectura-BE\node_modules\sequelize\lib\model.js:1228:12)
    at async Object.exports.getUser (C:\Users\Wally\Desktop\UADE\2023\1er Cuatrimestre\4 - ARQUITECTURA DE APLICACIONES\TPI\Demo\arquitectura-BE\services\user.service.js:23:16)
    at async Object.exports.login (C:\Users\Wally\Desktop\UADE\2023\1er Cuatrimestre\4 - ARQUITECTURA DE APLICACIONES\TPI\Demo\arquitectura-BE\services\user.service.js:7:16)
    at async exports.login (C:\Users\Wally\Desktop\UADE\2023\1er Cuatrimestre\4 - ARQUITECTURA DE APLICACIONES\TPI\Demo\arquitectura-BE\controllers\user.controller.js:39:21) {
  name: 'SequelizeDatabaseError',
  parent: RequestError: Conversion failed when converting the nvarchar value 'DNI' to data type int.
      at RequestTokenHandler.onErrorMessage (C:\Users\Wally\Desktop\UADE\2023\1er Cuatrimestre\4 - ARQUITECTURA DE APLICACIONES\TPI\Demo\arquitectura-BE\node_modules\tedious\lib\token\handler.js:368:21)
      at Readable.<anonymous> (C:\Users\Wally\Desktop\UADE\2023\1er Cuatrimestre\4 - ARQUITECTURA DE APLICACIONES\TPI\Demo\arquitectura-BE\node_modules\tedious\lib\token\token-stream-parser.js:26:33)
      at Readable.emit (events.js:375:28)
      at addChunk (internal/streams/readable.js:290:12)
      at readableAddChunk (internal/streams/readable.js:265:9)
      at Readable.push (internal/streams/readable.js:204:10)
      at next (internal/streams/from.js:88:29)
      at processTicksAndRejections (internal/process/task_queues.js:95:5) {
    code: 'EREQUEST',
    number: 245,
    state: 1,
    class: 16,
    serverName: 'EC2AMAZ-IN3J24U',
    procName: '',
    lineNumber: 1,
    sql: "SELECT [user].[id], [user].[docTypeId], [user].[docNumber], [user].[password], [user].[name], [docType].[id] AS [docType.id], [docType].[description] AS [docType.description] FROM [users] AS [user] LEFT OUTER JOIN [doc_types] AS [docType] ON [user].[docTypeId] = [docType].[id] WHERE [user].[docTypeId] = N'DNI' AND [user].[docNumber] = N'41195245' ORDER BY [user].[id] OFFSET 0 ROWS FETCH NEXT 1 ROWS ONLY;",
    parameters: undefined
  },
  original: RequestError: Conversion failed when converting the nvarchar value 'DNI' to data type int.
      at RequestTokenHandler.onErrorMessage (C:\Users\Wally\Desktop\UADE\2023\1er Cuatrimestre\4 - ARQUITECTURA DE APLICACIONES\TPI\Demo\arquitectura-BE\node_modules\tedious\lib\token\handler.js:368:21)
      at Readable.<anonymous> (C:\Users\Wally\Desktop\UADE\2023\1er Cuatrimestre\4 - ARQUITECTURA DE APLICACIONES\TPI\Demo\arquitectura-BE\node_modules\tedious\lib\token\token-stream-parser.js:26:33)
      at Readable.emit (events.js:375:28)
      at addChunk (internal/streams/readable.js:290:12)
      at readableAddChunk (internal/streams/readable.js:265:9)
      at Readable.push (internal/streams/readable.js:204:10)
      at next (internal/streams/from.js:88:29)
      at processTicksAndRejections (internal/process/task_queues.js:95:5) {
    code: 'EREQUEST',
    number: 245,
    state: 1,
    class: 16,
    serverName: 'EC2AMAZ-IN3J24U',
    procName: '',
    lineNumber: 1,
    sql: "SELECT [user].[id], [user].[docTypeId], [user].[docNumber], [user].[password], [user].[name], [docType].[id] AS [docType.id], [docType].[description] AS [docType.description] FROM [users] AS [user] LEFT OUTER JOIN [doc_types] AS [docType] ON [user].[docTypeId] = [docType].[id] WHERE [user].[docTypeId] = N'DNI' AND [user].[docNumber] = N'41195245' ORDER BY [user].[id] OFFSET 0 ROWS FETCH NEXT 1 ROWS ONLY;",
    parameters: undefined
  },
  sql: "SELECT [user].[id], [user].[docTypeId], [user].[docNumber], [user].[password], [user].[name], [docType].[id] AS [docType.id], [docType].[description] AS [docType.description] FROM [users] AS [user] LEFT OUTER JOIN [doc_types] AS [docType] ON [user].[docTypeId] = [docType].[id] WHERE [user].[docTypeId] = N'DNI' AND [user].[docNumber] = N'41195245' ORDER BY [user].[id] OFFSET 0 ROWS FETCH NEXT 1 ROWS ONLY;",
  parameters: {}
}
[2023-05-10T01:57:43.703] [ERROR] default - 41195245 - Invalid column name 'description'.
[2023-05-10T01:57:43.704] [ERROR] default - Error
    at Query.run (C:\Users\Wally\Desktop\UADE\2023\1er Cuatrimestre\4 - ARQUITECTURA DE APLICACIONES\TPI\Demo\arquitectura-BE\node_modules\sequelize\lib\dialects\mssql\query.js:99:25)
    at C:\Users\Wally\Desktop\UADE\2023\1er Cuatrimestre\4 - ARQUITECTURA DE APLICACIONES\TPI\Demo\arquitectura-BE\node_modules\sequelize\lib\sequelize.js:314:28
    at processTicksAndRejections (internal/process/task_queues.js:95:5)
    at async MSSqlQueryInterface.select (C:\Users\Wally\Desktop\UADE\2023\1er Cuatrimestre\4 - ARQUITECTURA DE APLICACIONES\TPI\Demo\arquitectura-BE\node_modules\sequelize\lib\dialects\abstract\query-interface.js:407:12)
    at async Function.findAll (C:\Users\Wally\Desktop\UADE\2023\1er Cuatrimestre\4 - ARQUITECTURA DE APLICACIONES\TPI\Demo\arquitectura-BE\node_modules\sequelize\lib\model.js:1134:21)
    at async Function.findOne (C:\Users\Wally\Desktop\UADE\2023\1er Cuatrimestre\4 - ARQUITECTURA DE APLICACIONES\TPI\Demo\arquitectura-BE\node_modules\sequelize\lib\model.js:1228:12)
    at async Object.exports.getUser (C:\Users\Wally\Desktop\UADE\2023\1er Cuatrimestre\4 - ARQUITECTURA DE APLICACIONES\TPI\Demo\arquitectura-BE\services\user.service.js:23:16)
    at async Object.exports.login (C:\Users\Wally\Desktop\UADE\2023\1er Cuatrimestre\4 - ARQUITECTURA DE APLICACIONES\TPI\Demo\arquitectura-BE\services\user.service.js:7:16)
    at async exports.login (C:\Users\Wally\Desktop\UADE\2023\1er Cuatrimestre\4 - ARQUITECTURA DE APLICACIONES\TPI\Demo\arquitectura-BE\controllers\user.controller.js:39:21) {
  name: 'SequelizeDatabaseError',
  parent: RequestError: Invalid column name 'description'.
      at RequestTokenHandler.onErrorMessage (C:\Users\Wally\Desktop\UADE\2023\1er Cuatrimestre\4 - ARQUITECTURA DE APLICACIONES\TPI\Demo\arquitectura-BE\node_modules\tedious\lib\token\handler.js:368:21)
      at Readable.<anonymous> (C:\Users\Wally\Desktop\UADE\2023\1er Cuatrimestre\4 - ARQUITECTURA DE APLICACIONES\TPI\Demo\arquitectura-BE\node_modules\tedious\lib\token\token-stream-parser.js:26:33)
      at Readable.emit (events.js:375:28)
      at addChunk (internal/streams/readable.js:290:12)
      at readableAddChunk (internal/streams/readable.js:265:9)
      at Readable.push (internal/streams/readable.js:204:10)
      at next (internal/streams/from.js:88:29)
      at processTicksAndRejections (internal/process/task_queues.js:95:5) {
    code: 'EREQUEST',
    number: 207,
    state: 1,
    class: 16,
    serverName: 'EC2AMAZ-IN3J24U',
    procName: '',
    lineNumber: 1,
    sql: "SELECT [user].[id], [user].[docTypeId], [user].[docNumber], [user].[password], [user].[name], [docType].[id] AS [docType.id], [docType].[description] AS [docType.description] FROM [users] AS [user] LEFT OUTER JOIN [doc_types] AS [docType] ON [user].[docTypeId] = [docType].[id] WHERE [user].[description] = N'DNI' AND [user].[docNumber] = N'41195245' ORDER BY [user].[id] OFFSET 0 ROWS FETCH NEXT 1 ROWS ONLY;",
    parameters: undefined
  },
  original: RequestError: Invalid column name 'description'.
      at RequestTokenHandler.onErrorMessage (C:\Users\Wally\Desktop\UADE\2023\1er Cuatrimestre\4 - ARQUITECTURA DE APLICACIONES\TPI\Demo\arquitectura-BE\node_modules\tedious\lib\token\handler.js:368:21)
      at Readable.<anonymous> (C:\Users\Wally\Desktop\UADE\2023\1er Cuatrimestre\4 - ARQUITECTURA DE APLICACIONES\TPI\Demo\arquitectura-BE\node_modules\tedious\lib\token\token-stream-parser.js:26:33)
      at Readable.emit (events.js:375:28)
      at addChunk (internal/streams/readable.js:290:12)
      at readableAddChunk (internal/streams/readable.js:265:9)
      at Readable.push (internal/streams/readable.js:204:10)
      at next (internal/streams/from.js:88:29)
      at processTicksAndRejections (internal/process/task_queues.js:95:5) {
    code: 'EREQUEST',
    number: 207,
    state: 1,
    class: 16,
    serverName: 'EC2AMAZ-IN3J24U',
    procName: '',
    lineNumber: 1,
    sql: "SELECT [user].[id], [user].[docTypeId], [user].[docNumber], [user].[password], [user].[name], [docType].[id] AS [docType.id], [docType].[description] AS [docType.description] FROM [users] AS [user] LEFT OUTER JOIN [doc_types] AS [docType] ON [user].[docTypeId] = [docType].[id] WHERE [user].[description] = N'DNI' AND [user].[docNumber] = N'41195245' ORDER BY [user].[id] OFFSET 0 ROWS FETCH NEXT 1 ROWS ONLY;",
    parameters: undefined
  },
  sql: "SELECT [user].[id], [user].[docTypeId], [user].[docNumber], [user].[password], [user].[name], [docType].[id] AS [docType.id], [docType].[description] AS [docType.description] FROM [users] AS [user] LEFT OUTER JOIN [doc_types] AS [docType] ON [user].[docTypeId] = [docType].[id] WHERE [user].[description] = N'DNI' AND [user].[docNumber] = N'41195245' ORDER BY [user].[id] OFFSET 0 ROWS FETCH NEXT 1 ROWS ONLY;",
  parameters: {}
}
[2023-05-10T01:57:49.993] [ERROR] default - 41195245 - Invalid column name 'description'.
[2023-05-10T01:57:49.993] [ERROR] default - Error
    at Query.run (C:\Users\Wally\Desktop\UADE\2023\1er Cuatrimestre\4 - ARQUITECTURA DE APLICACIONES\TPI\Demo\arquitectura-BE\node_modules\sequelize\lib\dialects\mssql\query.js:99:25)
    at C:\Users\Wally\Desktop\UADE\2023\1er Cuatrimestre\4 - ARQUITECTURA DE APLICACIONES\TPI\Demo\arquitectura-BE\node_modules\sequelize\lib\sequelize.js:314:28
    at processTicksAndRejections (internal/process/task_queues.js:95:5)
    at async MSSqlQueryInterface.select (C:\Users\Wally\Desktop\UADE\2023\1er Cuatrimestre\4 - ARQUITECTURA DE APLICACIONES\TPI\Demo\arquitectura-BE\node_modules\sequelize\lib\dialects\abstract\query-interface.js:407:12)
    at async Function.findAll (C:\Users\Wally\Desktop\UADE\2023\1er Cuatrimestre\4 - ARQUITECTURA DE APLICACIONES\TPI\Demo\arquitectura-BE\node_modules\sequelize\lib\model.js:1134:21)
    at async Function.findOne (C:\Users\Wally\Desktop\UADE\2023\1er Cuatrimestre\4 - ARQUITECTURA DE APLICACIONES\TPI\Demo\arquitectura-BE\node_modules\sequelize\lib\model.js:1228:12)
    at async Object.exports.getUser (C:\Users\Wally\Desktop\UADE\2023\1er Cuatrimestre\4 - ARQUITECTURA DE APLICACIONES\TPI\Demo\arquitectura-BE\services\user.service.js:23:16)
    at async Object.exports.login (C:\Users\Wally\Desktop\UADE\2023\1er Cuatrimestre\4 - ARQUITECTURA DE APLICACIONES\TPI\Demo\arquitectura-BE\services\user.service.js:7:16)
    at async exports.login (C:\Users\Wally\Desktop\UADE\2023\1er Cuatrimestre\4 - ARQUITECTURA DE APLICACIONES\TPI\Demo\arquitectura-BE\controllers\user.controller.js:39:21) {
  name: 'SequelizeDatabaseError',
  parent: RequestError: Invalid column name 'description'.
      at RequestTokenHandler.onErrorMessage (C:\Users\Wally\Desktop\UADE\2023\1er Cuatrimestre\4 - ARQUITECTURA DE APLICACIONES\TPI\Demo\arquitectura-BE\node_modules\tedious\lib\token\handler.js:368:21)
      at Readable.<anonymous> (C:\Users\Wally\Desktop\UADE\2023\1er Cuatrimestre\4 - ARQUITECTURA DE APLICACIONES\TPI\Demo\arquitectura-BE\node_modules\tedious\lib\token\token-stream-parser.js:26:33)
      at Readable.emit (events.js:375:28)
      at addChunk (internal/streams/readable.js:290:12)
      at readableAddChunk (internal/streams/readable.js:265:9)
      at Readable.push (internal/streams/readable.js:204:10)
      at next (internal/streams/from.js:88:29)
      at processTicksAndRejections (internal/process/task_queues.js:95:5) {
    code: 'EREQUEST',
    number: 207,
    state: 1,
    class: 16,
    serverName: 'EC2AMAZ-IN3J24U',
    procName: '',
    lineNumber: 1,
    sql: "SELECT [user].[id], [user].[docTypeId], [user].[docNumber], [user].[password], [user].[name], [docType].[id] AS [docType.id], [docType].[description] AS [docType.description] FROM [users] AS [user] LEFT OUTER JOIN [doc_types] AS [docType] ON [user].[docTypeId] = [docType].[id] WHERE [user].[description] = N'DNI' AND [user].[docNumber] = N'41195245' ORDER BY [user].[id] OFFSET 0 ROWS FETCH NEXT 1 ROWS ONLY;",
    parameters: undefined
  },
  original: RequestError: Invalid column name 'description'.
      at RequestTokenHandler.onErrorMessage (C:\Users\Wally\Desktop\UADE\2023\1er Cuatrimestre\4 - ARQUITECTURA DE APLICACIONES\TPI\Demo\arquitectura-BE\node_modules\tedious\lib\token\handler.js:368:21)
      at Readable.<anonymous> (C:\Users\Wally\Desktop\UADE\2023\1er Cuatrimestre\4 - ARQUITECTURA DE APLICACIONES\TPI\Demo\arquitectura-BE\node_modules\tedious\lib\token\token-stream-parser.js:26:33)
      at Readable.emit (events.js:375:28)
      at addChunk (internal/streams/readable.js:290:12)
      at readableAddChunk (internal/streams/readable.js:265:9)
      at Readable.push (internal/streams/readable.js:204:10)
      at next (internal/streams/from.js:88:29)
      at processTicksAndRejections (internal/process/task_queues.js:95:5) {
    code: 'EREQUEST',
    number: 207,
    state: 1,
    class: 16,
    serverName: 'EC2AMAZ-IN3J24U',
    procName: '',
    lineNumber: 1,
    sql: "SELECT [user].[id], [user].[docTypeId], [user].[docNumber], [user].[password], [user].[name], [docType].[id] AS [docType.id], [docType].[description] AS [docType.description] FROM [users] AS [user] LEFT OUTER JOIN [doc_types] AS [docType] ON [user].[docTypeId] = [docType].[id] WHERE [user].[description] = N'DNI' AND [user].[docNumber] = N'41195245' ORDER BY [user].[id] OFFSET 0 ROWS FETCH NEXT 1 ROWS ONLY;",
    parameters: undefined
  },
  sql: "SELECT [user].[id], [user].[docTypeId], [user].[docNumber], [user].[password], [user].[name], [docType].[id] AS [docType.id], [docType].[description] AS [docType.description] FROM [users] AS [user] LEFT OUTER JOIN [doc_types] AS [docType] ON [user].[docTypeId] = [docType].[id] WHERE [user].[description] = N'DNI' AND [user].[docNumber] = N'41195245' ORDER BY [user].[id] OFFSET 0 ROWS FETCH NEXT 1 ROWS ONLY;",
  parameters: {}
}
[2023-05-10T02:03:24.227] [ERROR] default - 41195245 - Usuario o cuenta inexistente. - docTypeId: 1, docNumber: 5.
[2023-05-10T02:09:26.442] [ERROR] default - 41195245 - Usuario o cuenta inexistente. - docTypeId: 1, docNumber: 5.
[2023-05-10T02:11:53.016] [ERROR] default - 41195245 - Usuario o cuenta inexistente. - docTypeId: 1, docNumber: 5.
